<?xml version="1.0" encoding="UTF-8"?>
<!-- Generated by org.testng.reporters.JUnitXMLReporter -->
<testsuite hostname="SAKET-PC" failures="0" tests="4" name="Default test" time="1.25" errors="0" timestamp="7 May 2022 09:26:13 GMT">
  <testcase classname="superherosregression.WebRegression" name="@BeforeTest beforeTest" time="0.0">
    <failure type="org.testng.TestNGException" message="
Parameter &amp;apos;browser&amp;apos; is required by @Configuration on method beforeTest but has not been marked @Optional or defined
in C:\Users\BACS\AppData\Local\Temp\testng-eclipse--1723299252\testng-customsuite.xml">
      <![CDATA[org.testng.TestNGException: 
Parameter 'browser' is required by @Configuration on method beforeTest but has not been marked @Optional or defined
in C:\Users\BACS\AppData\Local\Temp\testng-eclipse--1723299252\testng-customsuite.xml
	at org.testng.internal.Parameters.createParameters(Parameters.java:155)
	at org.testng.internal.Parameters.createParameters(Parameters.java:358)
	at org.testng.internal.Parameters.createConfigurationParameters(Parameters.java:86)
	at org.testng.internal.Invoker.invokeConfigurations(Invoker.java:199)
	at org.testng.internal.Invoker.invokeConfigurations(Invoker.java:138)
	at org.testng.TestRunner.beforeRun(TestRunner.java:641)
	at org.testng.TestRunner.run(TestRunner.java:609)
	at org.testng.SuiteRunner.runTest(SuiteRunner.java:348)
	at org.testng.SuiteRunner.runSequentially(SuiteRunner.java:343)
	at org.testng.SuiteRunner.privateRun(SuiteRunner.java:305)
	at org.testng.SuiteRunner.run(SuiteRunner.java:254)
	at org.testng.SuiteRunnerWorker.runSuite(SuiteRunnerWorker.java:52)
	at org.testng.SuiteRunnerWorker.run(SuiteRunnerWorker.java:86)
	at org.testng.TestNG.runSuitesSequentially(TestNG.java:1224)
	at org.testng.TestNG.runSuitesLocally(TestNG.java:1149)
	at org.testng.TestNG.run(TestNG.java:1057)
	at org.testng.remote.AbstractRemoteTestNG.run(AbstractRemoteTestNG.java:115)
	at org.testng.remote.RemoteTestNG.initAndRun(RemoteTestNG.java:251)
	at org.testng.remote.RemoteTestNG.main(RemoteTestNG.java:77)
]]>
    </failure>
  </testcase> <!-- @BeforeTest beforeTest -->
  <testcase classname="superherosregression.WebRegression" name="@AfterTest afterTest" time="0.0">
    <skipped/>
  </testcase> <!-- @AfterTest afterTest -->
  <testcase classname="superherosregression.WebRegression" name="Verify_dashboard_with_registration" time="0.008">
    <skipped/>
  </testcase> <!-- Verify_dashboard_with_registration -->
  <testcase classname="superherosregression.WebRegression" name="Verity_dashboard_with_login" time="0.001">
    <skipped/>
  </testcase> <!-- Verity_dashboard_with_login -->
  <testcase classname="superherosregression.WebRegression" name="Verity_errormessage_invalilogin" time="0.001">
    <skipped/>
  </testcase> <!-- Verity_errormessage_invalilogin -->
  <testcase classname="superherosregression.WebRegression" name="Verity_errormessage_invalilogin" time="0.001">
    <skipped/>
  </testcase> <!-- Verity_errormessage_invalilogin -->
</testsuite> <!-- Default test -->
