<html>
<head>
<title>TestNG:  FirefoxTest</title>
<link href="../testng.css" rel="stylesheet" type="text/css" />
<link href="../my-testng.css" rel="stylesheet" type="text/css" />

<style type="text/css">
.log { display: none;} 
.stack-trace { display: none;} 
</style>
<script type="text/javascript">
<!--
function flip(e) {
  current = e.style.display;
  if (current == 'block') {
    e.style.display = 'none';
    return 0;
  }
  else {
    e.style.display = 'block';
    return 1;
  }
}

function toggleBox(szDivId, elem, msg1, msg2)
{
  var res = -1;  if (document.getElementById) {
    res = flip(document.getElementById(szDivId));
  }
  else if (document.all) {
    // this is the way old msie versions work
    res = flip(document.all[szDivId]);
  }
  if(elem) {
    if(res == 0) elem.innerHTML = msg1; else elem.innerHTML = msg2;
  }

}

function toggleAllBoxes() {
  if (document.getElementsByTagName) {
    d = document.getElementsByTagName('div');
    for (i = 0; i < d.length; i++) {
      if (d[i].className == 'log') {
        flip(d[i]);
      }
    }
  }
}

// -->
</script>

</head>
<body>
<h2 align='center'>FirefoxTest</h2><table border='1' align="center">
<tr>
<td>Tests passed/Failed/Skipped:</td><td>0/0/1</td>
</tr><tr>
<td>Started on:</td><td>Thu May 05 01:39:33 AEST 2022</td>
</tr>
<tr><td>Total time:</td><td>45544 seconds (45544855 ms)</td>
</tr><tr>
<td>Included groups:</td><td></td>
</tr><tr>
<td>Excluded groups:</td><td></td>
</tr>
</table><p/>
<small><i>(Hover the method name to see the test class name)</i></small><p/>
<table width='100%' border='1' class='invocation-failed'>
<tr><td colspan='4' align='center'><b>FAILED CONFIGURATIONS</b></td></tr>
<tr><td><b>Test method</b></td>
<td width="30%"><b>Exception</b></td>
<td width="10%"><b>Time (seconds)</b></td>
<td><b>Instance</b></td>
</tr>
<tr>
<td title='superherosregression.WebRegression.beforeTest()'><b>beforeTest</b><br>Test class: superherosregression.WebRegression<br>Parameters: firefox</td>
<td><div><pre>org.openqa.selenium.WebDriverException: Failed to connect to binary FirefoxBinary(C:\Program Files\Mozilla Firefox\firefox.exe) on port 7055; process output follows: 
odules/TelemetryArchive.jsm:99:5
promiseArchivePing@resource://gre/modules/TelemetryArchive.jsm:59:33
_submitPingLogic@resource://gre/modules/TelemetryControllerParent.jsm:536:43
send@resource://gre/modules/TelemetryControllerParent.jsm:624:24
submitExternalPing@resource://gre/modules/TelemetryControllerParent.jsm:179:17
saveShutdownPings@resource://gre/modules/TelemetrySession.jsm:1012:31
shutdownChromeProcess/cleanup/&lt;@resource://gre/modules/TelemetrySession.jsm:1230:20
cleanup@resource://gre/modules/TelemetrySession.jsm:1237:9
shutdownChromeProcess@resource://gre/modules/TelemetrySession.jsm:1254:14
shutdown@resource://gre/modules/TelemetrySession.jsm:252:17
_cleanupOnShutdown@resource://gre/modules/TelemetryControllerParent.jsm:969:30
observe@resource://gre/modules/AsyncShutdown.jsm:575:16

WARNING: A blocker encountered an error while we were waiting.
          Blocker:  TelemetryController: shutting down
          Phase: profile-before-change-telemetry
          State: Error getting state: Error: Phase &quot;profile-before-change&quot; is finished, it is too late to register completion condition &quot;OS.File: flush I/O queued before profileBeforeChange&quot; at addBlocker@resource://gre/modules/AsyncShutdown.jsm:718:15
addBlocker@resource://gre/modules/AsyncShutdown.jsm:526:26
addBlocker@resource://gre/modules/AsyncShutdown.jsm:465:15
setupShutdown@resource://gre/modules/osfile/osfile_async_front.jsm:1564:28
@resource://gre/modules/osfile/osfile_async_front.jsm:1584:16
@resource://gre/modules/osfile.jsm:11:30
@resource://gre/modules/TelemetryStorage.jsm:18:28
getShutdownState@resource://gre/modules/TelemetrySend.jsm:1665:7
getShutdownState@resource://gre/modules/TelemetrySend.jsm:358:30
_getState@resource://gre/modules/TelemetryControllerParent.jsm:1073:33
setupTelemetry/&lt;@resource://gre/modules/TelemetryControllerParent.jsm:913:18
safeGetState@resource://gre/modules/AsyncShutdown.jsm:257:17
Barrier/addBlocker/promise&lt;@resource://gre/modules/AsyncShutdown.jsm:766:20
observe@resource://gre/modules/AsyncShutdown.jsm:575:16

WARNING: Error: Phase &quot;profile-before-change&quot; is finished, it is too late to register completion condition &quot;OS.File: flush I/O queued before profileBeforeChange&quot;
WARNING: addBlocker@resource://gre/modules/AsyncShutdown.jsm:718:15
addBlocker@resource://gre/modules/AsyncShutdown.jsm:526:26
addBlocker@resource://gre/modules/AsyncShutdown.jsm:465:15
setupShutdown@resource://gre/modules/osfile/osfile_async_front.jsm:1564:28
@resource://gre/modules/osfile/osfile_async_front.jsm:1584:16
@resource://gre/modules/osfile.jsm:11:30
@resource://gre/modules/TelemetryStorage.jsm:18:28
removeAbortedSessionPing@resource://gre/modules/TelemetryControllerParent.jsm:717:5
removeAbortedSessionPing@resource://gre/modules/TelemetryControllerParent.jsm:246:17
shutdownChromeProcess/cleanup/&lt;@resource://gre/modules/TelemetrySession.jsm:1233:37
observe@resource://gre/modules/AsyncShutdown.jsm:575:16

JavaScript error: resource://gre/modules/AsyncShutdown.jsm, line 718: Error: Phase &quot;profile-before-change&quot; is finished, it is too late to register completion condition &quot;OS.File: flush I/O queued before profileBeforeChange&quot;
JavaScript error: resource://gre/modules/AsyncShutdown.jsm, line 718: Error: Phase &quot;profile-before-change&quot; is finished, it is too late to register completion condition &quot;OS.File: flush I/O queued before profileBeforeChange&quot;
JavaScript error: resource://gre/modules/AsyncShutdown.jsm, line 718: Error: Phase &quot;profile-before-change&quot; is finished, it is too late to register completion condition &quot;OS.File: flush I/O queued before profileBeforeChange&quot;
JavaScript error: resource://gre/modules/AsyncShutdown.jsm, line 718: Error: Phase &quot;profile-before-change&quot; is finished, it is too late to register completion condition &quot;OS.File: flush I/O queued before profileBeforeChange&quot;
JavaScript error: resource://gre/modules/AsyncShutdown.jsm, line 718: Error: Phase &quot;profile-before-change&quot; is finished, it is too late to register completion condition &quot;OS.File: flush I/O queued before profileBeforeChange&quot;

Build info: version: &apos;2.45.0&apos;, revision: &apos;5017cb8e7ca8e37638dc3091b2440b90a1d8686f&apos;, time: &apos;2015-02-27 09:10:26&apos;
System info: host: &apos;SAKET-PC&apos;, ip: &apos;192.168.141.1&apos;, os.name: &apos;Windows 10&apos;, os.arch: &apos;amd64&apos;, os.version: &apos;10.0&apos;, java.version: &apos;18&apos;
Driver info: driver.version: FirefoxDriver
	at org.openqa.selenium.firefox.internal.NewProfileExtensionConnection.start(NewProfileExtensionConnection.java:130)
	at org.openqa.selenium.firefox.FirefoxDriver.startClient(FirefoxDriver.java:246)
	at org.openqa.selenium.remote.RemoteWebDriver.&lt;init&gt;(RemoteWebDriver.java:114)
	at org.openqa.selenium.firefox.FirefoxDriver.&lt;init&gt;(FirefoxDriver.java:191)
	at org.openqa.selenium.firefox.FirefoxDriver.&lt;init&gt;(FirefoxDriver.java:186)
	at org.openqa.selenium.firefox.FirefoxDriver.&lt;init&gt;(FirefoxDriver.java:182)
	at org.openqa.selenium.firefox.FirefoxDriver.&lt;init&gt;(FirefoxDriver.java:95)
	at superherosregression.WebRegression.beforeTest(WebRegression.java:104)
Caused by: org.openqa.selenium.firefox.NotConnectedException: Unable to connect to host 127.0.0.1 on port 7055 after 45000 ms. Firefox console output:
odules/TelemetryArchive.jsm:99:5
promiseArchivePing@resource://gre/modules/TelemetryArchive.jsm:59:33
_submitPingLogic@resource://gre/modules/TelemetryControllerParent.jsm:536:43
send@resource://gre/modules/TelemetryControllerParent.jsm:624:24
submitExternalPing@resource://gre/modules/TelemetryControllerParent.jsm:179:17
saveShutdownPings@resource://gre/modules/TelemetrySession.jsm:1012:31
shutdownChromeProcess/cleanup/&lt;@resource://gre/modules/TelemetrySession.jsm:1230:20
cleanup@resource://gre/modules/TelemetrySession.jsm:1237:9
shutdownChromeProcess@resource://gre/modules/TelemetrySession.jsm:1254:14
shutdown@resource://gre/modules/TelemetrySession.jsm:252:17
_cleanupOnShutdown@resource://gre/modules/TelemetryControllerParent.jsm:969:30
observe@resource://gre/modules/AsyncShutdown.jsm:575:16

WARNING: A blocker encountered an error while we were waiting.
          Blocker:  TelemetryController: shutting down
          Phase: profile-before-change-telemetry
          State: Error getting state: Error: Phase &quot;profile-before-change&quot; is finished, it is too late to register completion condition &quot;OS.File: flush I/O queued before profileBeforeChange&quot; at addBlocker@resource://gre/modules/AsyncShutdown.jsm:718:15
addBlocker@resource://gre/modules/AsyncShutdown.jsm:526:26
addBlocker@resource://gre/modules/AsyncShutdown.jsm:465:15
setupShutdown@resource://gre/modules/osfile/osfile_async_front.jsm:1564:28
@resource://gre/modules/osfile/osfile_async_front.jsm:1584:16
@resource://gre/modules/osfile.jsm:11:30
@resource://gre/modules/TelemetryStorage.jsm:18:28
getShutdownState@resource://gre/modules/TelemetrySend.jsm:1665:7
getShutdownState@resource://gre/modules/TelemetrySend.jsm:358:30
_getState@resource://gre/modules/TelemetryControllerParent.jsm:1073:33
setupTelemetry/&lt;@resource://gre/modules/TelemetryControllerParent.jsm:913:18
safeGetState@resource://gre/modules/AsyncShutdown.jsm:257:17
Barrier/addBlocker/promise&lt;@resource://gre/modules/AsyncShutdown.jsm:766:20
observe@resource://gre/modules/AsyncShutdown.jsm:575:16

WARNING: Error: Phase &quot;profile-before-change&quot; is finished, it is too late to register completion condition &quot;OS.File: flush I/O queued before profileBeforeChange&quot;
WARNING: addBlocker@resource://gre/modules/AsyncShutdown.jsm:718:15
addBlocker@resource://gre/modules/AsyncShutdown.jsm:526:26
addBlocker@resource://gre/modules/AsyncShutdown.jsm:465:15
setupShutdown@resource://gre/modules/osfile/osfile_async_front.jsm:1564:28
@resource://gre/modules/osfile/osfile_async_front.jsm:1584:16
@resource://gre/modules/osfile.jsm:11:30
@resource://gre/modules/TelemetryStorage.jsm:18:28
removeAbortedSessionPing@resource://gre/modules/TelemetryControllerParent.jsm:717:5
removeAbortedSessionPing@resource://gre/modules/TelemetryControllerParent.jsm:246:17
shutdownChromeProcess/cleanup/&lt;@resource://gre/modules/TelemetrySession.jsm:1233:37
observe@resource://gre/modules/AsyncShutdown.jsm:575:16

JavaScript error: resource://gre/modules/AsyncShutdown.jsm, line 718: Error: Phase &quot;profile-before-change&quot; is finished, it is too late to register completion condition &quot;OS.File: flush I/O queued before profileBeforeChange&quot;
JavaScript error: resource://gre/modules/AsyncShutdown.jsm, line 718: Error: Phase &quot;profile-before-change&quot; is finished, it is too late to register completion condition &quot;OS.File: flush I/O queued before profileBeforeChange&quot;
JavaScript error: resource://gre/modules/AsyncShutdown.jsm, line 718: Error: Phase &quot;profile-before-change&quot; is finished, it is too late to register completion condition &quot;OS.File: flush I/O queued before profileBeforeChange&quot;
JavaScript error: resource://gre/modules/AsyncShutdown.jsm, line 718: Error: Phase &quot;profile-before-change&quot; is finished, it is too late to register completion condition &quot;OS.File: flush I/O queued before profileBeforeChange&quot;
JavaScript error: resource://gre/modules/AsyncShutdown.jsm, line 718: Error: Phase &quot;profile-before-change&quot; is finished, it is too late to register completion condition &quot;OS.File: flush I/O queued before profileBeforeChange&quot;

	at org.openqa.selenium.firefox.internal.NewProfileExtensionConnection.start(NewProfileExtensionConnection.java:118)
	... 31 more
... Removed 24 stack frames</pre></div><a href='#' onClick='toggleBox("stack-trace481792876", this, "Click to show all stack frames", "Click to hide stack frames")'>Click to show all stack frames</a>
<div class='stack-trace' id='stack-trace481792876'><pre>org.openqa.selenium.WebDriverException: Failed to connect to binary FirefoxBinary(C:\Program Files\Mozilla Firefox\firefox.exe) on port 7055; process output follows: 
odules/TelemetryArchive.jsm:99:5
promiseArchivePing@resource://gre/modules/TelemetryArchive.jsm:59:33
_submitPingLogic@resource://gre/modules/TelemetryControllerParent.jsm:536:43
send@resource://gre/modules/TelemetryControllerParent.jsm:624:24
submitExternalPing@resource://gre/modules/TelemetryControllerParent.jsm:179:17
saveShutdownPings@resource://gre/modules/TelemetrySession.jsm:1012:31
shutdownChromeProcess/cleanup/&lt;@resource://gre/modules/TelemetrySession.jsm:1230:20
cleanup@resource://gre/modules/TelemetrySession.jsm:1237:9
shutdownChromeProcess@resource://gre/modules/TelemetrySession.jsm:1254:14
shutdown@resource://gre/modules/TelemetrySession.jsm:252:17
_cleanupOnShutdown@resource://gre/modules/TelemetryControllerParent.jsm:969:30
observe@resource://gre/modules/AsyncShutdown.jsm:575:16

WARNING: A blocker encountered an error while we were waiting.
          Blocker:  TelemetryController: shutting down
          Phase: profile-before-change-telemetry
          State: Error getting state: Error: Phase &quot;profile-before-change&quot; is finished, it is too late to register completion condition &quot;OS.File: flush I/O queued before profileBeforeChange&quot; at addBlocker@resource://gre/modules/AsyncShutdown.jsm:718:15
addBlocker@resource://gre/modules/AsyncShutdown.jsm:526:26
addBlocker@resource://gre/modules/AsyncShutdown.jsm:465:15
setupShutdown@resource://gre/modules/osfile/osfile_async_front.jsm:1564:28
@resource://gre/modules/osfile/osfile_async_front.jsm:1584:16
@resource://gre/modules/osfile.jsm:11:30
@resource://gre/modules/TelemetryStorage.jsm:18:28
getShutdownState@resource://gre/modules/TelemetrySend.jsm:1665:7
getShutdownState@resource://gre/modules/TelemetrySend.jsm:358:30
_getState@resource://gre/modules/TelemetryControllerParent.jsm:1073:33
setupTelemetry/&lt;@resource://gre/modules/TelemetryControllerParent.jsm:913:18
safeGetState@resource://gre/modules/AsyncShutdown.jsm:257:17
Barrier/addBlocker/promise&lt;@resource://gre/modules/AsyncShutdown.jsm:766:20
observe@resource://gre/modules/AsyncShutdown.jsm:575:16

WARNING: Error: Phase &quot;profile-before-change&quot; is finished, it is too late to register completion condition &quot;OS.File: flush I/O queued before profileBeforeChange&quot;
WARNING: addBlocker@resource://gre/modules/AsyncShutdown.jsm:718:15
addBlocker@resource://gre/modules/AsyncShutdown.jsm:526:26
addBlocker@resource://gre/modules/AsyncShutdown.jsm:465:15
setupShutdown@resource://gre/modules/osfile/osfile_async_front.jsm:1564:28
@resource://gre/modules/osfile/osfile_async_front.jsm:1584:16
@resource://gre/modules/osfile.jsm:11:30
@resource://gre/modules/TelemetryStorage.jsm:18:28
removeAbortedSessionPing@resource://gre/modules/TelemetryControllerParent.jsm:717:5
removeAbortedSessionPing@resource://gre/modules/TelemetryControllerParent.jsm:246:17
shutdownChromeProcess/cleanup/&lt;@resource://gre/modules/TelemetrySession.jsm:1233:37
observe@resource://gre/modules/AsyncShutdown.jsm:575:16

JavaScript error: resource://gre/modules/AsyncShutdown.jsm, line 718: Error: Phase &quot;profile-before-change&quot; is finished, it is too late to register completion condition &quot;OS.File: flush I/O queued before profileBeforeChange&quot;
JavaScript error: resource://gre/modules/AsyncShutdown.jsm, line 718: Error: Phase &quot;profile-before-change&quot; is finished, it is too late to register completion condition &quot;OS.File: flush I/O queued before profileBeforeChange&quot;
JavaScript error: resource://gre/modules/AsyncShutdown.jsm, line 718: Error: Phase &quot;profile-before-change&quot; is finished, it is too late to register completion condition &quot;OS.File: flush I/O queued before profileBeforeChange&quot;
JavaScript error: resource://gre/modules/AsyncShutdown.jsm, line 718: Error: Phase &quot;profile-before-change&quot; is finished, it is too late to register completion condition &quot;OS.File: flush I/O queued before profileBeforeChange&quot;
JavaScript error: resource://gre/modules/AsyncShutdown.jsm, line 718: Error: Phase &quot;profile-before-change&quot; is finished, it is too late to register completion condition &quot;OS.File: flush I/O queued before profileBeforeChange&quot;

Build info: version: &apos;2.45.0&apos;, revision: &apos;5017cb8e7ca8e37638dc3091b2440b90a1d8686f&apos;, time: &apos;2015-02-27 09:10:26&apos;
System info: host: &apos;SAKET-PC&apos;, ip: &apos;192.168.141.1&apos;, os.name: &apos;Windows 10&apos;, os.arch: &apos;amd64&apos;, os.version: &apos;10.0&apos;, java.version: &apos;18&apos;
Driver info: driver.version: FirefoxDriver
	at org.openqa.selenium.firefox.internal.NewProfileExtensionConnection.start(NewProfileExtensionConnection.java:130)
	at org.openqa.selenium.firefox.FirefoxDriver.startClient(FirefoxDriver.java:246)
	at org.openqa.selenium.remote.RemoteWebDriver.&lt;init&gt;(RemoteWebDriver.java:114)
	at org.openqa.selenium.firefox.FirefoxDriver.&lt;init&gt;(FirefoxDriver.java:191)
	at org.openqa.selenium.firefox.FirefoxDriver.&lt;init&gt;(FirefoxDriver.java:186)
	at org.openqa.selenium.firefox.FirefoxDriver.&lt;init&gt;(FirefoxDriver.java:182)
	at org.openqa.selenium.firefox.FirefoxDriver.&lt;init&gt;(FirefoxDriver.java:95)
	at superherosregression.WebRegression.beforeTest(WebRegression.java:104)
	at java.base/jdk.internal.reflect.DirectMethodHandleAccessor.invoke(DirectMethodHandleAccessor.java:104)
	at java.base/java.lang.reflect.Method.invoke(Method.java:577)
	at org.testng.internal.MethodInvocationHelper.invokeMethod(MethodInvocationHelper.java:84)
	at org.testng.internal.Invoker.invokeConfigurationMethod(Invoker.java:564)
	at org.testng.internal.Invoker.invokeConfigurations(Invoker.java:213)
	at org.testng.internal.Invoker.invokeConfigurations(Invoker.java:138)
	at org.testng.TestRunner.beforeRun(TestRunner.java:641)
	at org.testng.TestRunner.run(TestRunner.java:609)
	at org.testng.SuiteRunner.runTest(SuiteRunner.java:348)
	at org.testng.SuiteRunner.runSequentially(SuiteRunner.java:343)
	at org.testng.SuiteRunner.privateRun(SuiteRunner.java:305)
	at org.testng.SuiteRunner.run(SuiteRunner.java:254)
	at org.testng.SuiteRunnerWorker.runSuite(SuiteRunnerWorker.java:52)
	at org.testng.SuiteRunnerWorker.run(SuiteRunnerWorker.java:86)
	at org.testng.TestNG.runSuitesSequentially(TestNG.java:1224)
	at org.testng.TestNG.runSuitesLocally(TestNG.java:1149)
	at org.testng.TestNG.run(TestNG.java:1057)
	at org.apache.maven.surefire.testng.TestNGExecutor.run(TestNGExecutor.java:283)
	at org.apache.maven.surefire.testng.TestNGXmlTestSuite.execute(TestNGXmlTestSuite.java:75)
	at org.apache.maven.surefire.testng.TestNGProvider.invoke(TestNGProvider.java:120)
	at org.apache.maven.surefire.booter.ForkedBooter.invokeProviderInSameClassLoader(ForkedBooter.java:384)
	at org.apache.maven.surefire.booter.ForkedBooter.runSuitesInProcess(ForkedBooter.java:345)
	at org.apache.maven.surefire.booter.ForkedBooter.execute(ForkedBooter.java:126)
	at org.apache.maven.surefire.booter.ForkedBooter.main(ForkedBooter.java:418)
Caused by: org.openqa.selenium.firefox.NotConnectedException: Unable to connect to host 127.0.0.1 on port 7055 after 45000 ms. Firefox console output:
odules/TelemetryArchive.jsm:99:5
promiseArchivePing@resource://gre/modules/TelemetryArchive.jsm:59:33
_submitPingLogic@resource://gre/modules/TelemetryControllerParent.jsm:536:43
send@resource://gre/modules/TelemetryControllerParent.jsm:624:24
submitExternalPing@resource://gre/modules/TelemetryControllerParent.jsm:179:17
saveShutdownPings@resource://gre/modules/TelemetrySession.jsm:1012:31
shutdownChromeProcess/cleanup/&lt;@resource://gre/modules/TelemetrySession.jsm:1230:20
cleanup@resource://gre/modules/TelemetrySession.jsm:1237:9
shutdownChromeProcess@resource://gre/modules/TelemetrySession.jsm:1254:14
shutdown@resource://gre/modules/TelemetrySession.jsm:252:17
_cleanupOnShutdown@resource://gre/modules/TelemetryControllerParent.jsm:969:30
observe@resource://gre/modules/AsyncShutdown.jsm:575:16

WARNING: A blocker encountered an error while we were waiting.
          Blocker:  TelemetryController: shutting down
          Phase: profile-before-change-telemetry
          State: Error getting state: Error: Phase &quot;profile-before-change&quot; is finished, it is too late to register completion condition &quot;OS.File: flush I/O queued before profileBeforeChange&quot; at addBlocker@resource://gre/modules/AsyncShutdown.jsm:718:15
addBlocker@resource://gre/modules/AsyncShutdown.jsm:526:26
addBlocker@resource://gre/modules/AsyncShutdown.jsm:465:15
setupShutdown@resource://gre/modules/osfile/osfile_async_front.jsm:1564:28
@resource://gre/modules/osfile/osfile_async_front.jsm:1584:16
@resource://gre/modules/osfile.jsm:11:30
@resource://gre/modules/TelemetryStorage.jsm:18:28
getShutdownState@resource://gre/modules/TelemetrySend.jsm:1665:7
getShutdownState@resource://gre/modules/TelemetrySend.jsm:358:30
_getState@resource://gre/modules/TelemetryControllerParent.jsm:1073:33
setupTelemetry/&lt;@resource://gre/modules/TelemetryControllerParent.jsm:913:18
safeGetState@resource://gre/modules/AsyncShutdown.jsm:257:17
Barrier/addBlocker/promise&lt;@resource://gre/modules/AsyncShutdown.jsm:766:20
observe@resource://gre/modules/AsyncShutdown.jsm:575:16

WARNING: Error: Phase &quot;profile-before-change&quot; is finished, it is too late to register completion condition &quot;OS.File: flush I/O queued before profileBeforeChange&quot;
WARNING: addBlocker@resource://gre/modules/AsyncShutdown.jsm:718:15
addBlocker@resource://gre/modules/AsyncShutdown.jsm:526:26
addBlocker@resource://gre/modules/AsyncShutdown.jsm:465:15
setupShutdown@resource://gre/modules/osfile/osfile_async_front.jsm:1564:28
@resource://gre/modules/osfile/osfile_async_front.jsm:1584:16
@resource://gre/modules/osfile.jsm:11:30
@resource://gre/modules/TelemetryStorage.jsm:18:28
removeAbortedSessionPing@resource://gre/modules/TelemetryControllerParent.jsm:717:5
removeAbortedSessionPing@resource://gre/modules/TelemetryControllerParent.jsm:246:17
shutdownChromeProcess/cleanup/&lt;@resource://gre/modules/TelemetrySession.jsm:1233:37
observe@resource://gre/modules/AsyncShutdown.jsm:575:16

JavaScript error: resource://gre/modules/AsyncShutdown.jsm, line 718: Error: Phase &quot;profile-before-change&quot; is finished, it is too late to register completion condition &quot;OS.File: flush I/O queued before profileBeforeChange&quot;
JavaScript error: resource://gre/modules/AsyncShutdown.jsm, line 718: Error: Phase &quot;profile-before-change&quot; is finished, it is too late to register completion condition &quot;OS.File: flush I/O queued before profileBeforeChange&quot;
JavaScript error: resource://gre/modules/AsyncShutdown.jsm, line 718: Error: Phase &quot;profile-before-change&quot; is finished, it is too late to register completion condition &quot;OS.File: flush I/O queued before profileBeforeChange&quot;
JavaScript error: resource://gre/modules/AsyncShutdown.jsm, line 718: Error: Phase &quot;profile-before-change&quot; is finished, it is too late to register completion condition &quot;OS.File: flush I/O queued before profileBeforeChange&quot;
JavaScript error: resource://gre/modules/AsyncShutdown.jsm, line 718: Error: Phase &quot;profile-before-change&quot; is finished, it is too late to register completion condition &quot;OS.File: flush I/O queued before profileBeforeChange&quot;

	at org.openqa.selenium.firefox.internal.NewProfileExtensionConnection.start(NewProfileExtensionConnection.java:118)
	... 31 more
</pre></div></td>
<td>0</td>
<td>null</td></tr>
</table><p>
<table width='100%' border='1' class='invocation-skipped'>
<tr><td colspan='4' align='center'><b>SKIPPED CONFIGURATIONS</b></td></tr>
<tr><td><b>Test method</b></td>
<td width="30%"><b>Exception</b></td>
<td width="10%"><b>Time (seconds)</b></td>
<td><b>Instance</b></td>
</tr>
<tr>
<td title='superherosregression.WebRegression.afterTest()'><b>afterTest</b><br>Test class: superherosregression.WebRegression</td>
<td></td>
<td>0</td>
<td>null</td></tr>
</table><p>
<table width='100%' border='1' class='invocation-skipped'>
<tr><td colspan='4' align='center'><b>SKIPPED TESTS</b></td></tr>
<tr><td><b>Test method</b></td>
<td width="30%"><b>Exception</b></td>
<td width="10%"><b>Time (seconds)</b></td>
<td><b>Instance</b></td>
</tr>
<tr>
<td title='superherosregression.WebRegression.user_is_on_Home_page()'><b>user_is_on_Home_page</b><br>Test class: superherosregression.WebRegression</td>
<td></td>
<td>0</td>
<td>superherosregression.WebRegression@2f01783a</td></tr>
</table><p>
</body>
</html>