<?xml version="1.0" encoding="UTF-8"?>
<!-- Generated by org.testng.reporters.JUnitXMLReporter -->
<testsuite hostname="SAKET-PC" failures="2" tests="4" name="Test" time="17.31" errors="0" timestamp="5 May 2022 10:16:55 GMT">
  <testcase classname="superherosregression.WebRegression" name="Verify_dashboard_with_registration" time="0.719">
    <failure type="org.openqa.selenium.ElementNotInteractableException" message="Element &amp;lt;input id=&amp;quot;worrior_username&amp;quot; class=&amp;quot;center&amp;quot; type=&amp;quot;text&amp;quot;&amp;gt; could not be scrolled into view
Build info: version: &amp;apos;4.1.3&amp;apos;, revision: &amp;apos;7b1ebf28ef&amp;apos;
System info: host: &amp;apos;SAKET-PC&amp;apos;, ip: &amp;apos;192.168.141.1&amp;apos;, os.name: &amp;apos;Windows 10&amp;apos;, os.arch: &amp;apos;amd64&amp;apos;, os.version: &amp;apos;10.0&amp;apos;, java.version: &amp;apos;18&amp;apos;
Driver info: org.openqa.selenium.firefox.FirefoxDriver
Command: [15a54c82-3897-475e-ba31-4f8bc689830b, clearElement {id=4d59b5d5-5342-49cf-9c11-5bd6eb90b16d}]
Capabilities {acceptInsecureCerts: true, browserName: firefox, browserVersion: 100.0, javascriptEnabled: true, moz:accessibilityChecks: false, moz:buildID: 20220428192727, moz:debuggerAddress: localhost:54228, moz:geckodriverVersion: 0.30.0, moz:headless: false, moz:processID: 612, moz:profile: C:\Users\BACS\AppData\Local..., moz:shutdownTimeout: 60000, moz:useNonSpecCompliantPointerOrigin: false, moz:webdriverClick: true, pageLoadStrategy: normal, platform: WINDOWS, platformName: WINDOWS, platformVersion: 10.0, proxy: Proxy(), se:cdp: ws://localhost:54228/devtoo..., se:cdpVersion: 85.0, setWindowRect: true, strictFileInteractability: false, timeouts: {implicit: 0, pageLoad: 300000, script: 30000}, unhandledPromptBehavior: dismiss and notify}
Element: [[FirefoxDriver: firefox on WINDOWS (15a54c82-3897-475e-ba31-4f8bc689830b)] -&amp;gt; id: worrior_username]
Session ID: 15a54c82-3897-475e-ba31-4f8bc689830b">
      <![CDATA[org.openqa.selenium.ElementNotInteractableException: Element <input id="worrior_username" class="center" type="text"> could not be scrolled into view
Build info: version: '4.1.3', revision: '7b1ebf28ef'
System info: host: 'SAKET-PC', ip: '192.168.141.1', os.name: 'Windows 10', os.arch: 'amd64', os.version: '10.0', java.version: '18'
Driver info: org.openqa.selenium.firefox.FirefoxDriver
Command: [15a54c82-3897-475e-ba31-4f8bc689830b, clearElement {id=4d59b5d5-5342-49cf-9c11-5bd6eb90b16d}]
Capabilities {acceptInsecureCerts: true, browserName: firefox, browserVersion: 100.0, javascriptEnabled: true, moz:accessibilityChecks: false, moz:buildID: 20220428192727, moz:debuggerAddress: localhost:54228, moz:geckodriverVersion: 0.30.0, moz:headless: false, moz:processID: 612, moz:profile: C:\Users\BACS\AppData\Local..., moz:shutdownTimeout: 60000, moz:useNonSpecCompliantPointerOrigin: false, moz:webdriverClick: true, pageLoadStrategy: normal, platform: WINDOWS, platformName: WINDOWS, platformVersion: 10.0, proxy: Proxy(), se:cdp: ws://localhost:54228/devtoo..., se:cdpVersion: 85.0, setWindowRect: true, strictFileInteractability: false, timeouts: {implicit: 0, pageLoad: 300000, script: 30000}, unhandledPromptBehavior: dismiss and notify}
Element: [[FirefoxDriver: firefox on WINDOWS (15a54c82-3897-475e-ba31-4f8bc689830b)] -> id: worrior_username]
Session ID: 15a54c82-3897-475e-ba31-4f8bc689830b
	at org.openqa.selenium.remote.codec.w3c.W3CHttpResponseCodec.createException(W3CHttpResponseCodec.java:200)
	at org.openqa.selenium.remote.codec.w3c.W3CHttpResponseCodec.decode(W3CHttpResponseCodec.java:133)
	at org.openqa.selenium.remote.codec.w3c.W3CHttpResponseCodec.decode(W3CHttpResponseCodec.java:53)
	at org.openqa.selenium.remote.HttpCommandExecutor.execute(HttpCommandExecutor.java:184)
	at org.openqa.selenium.remote.service.DriverCommandExecutor.invokeExecute(DriverCommandExecutor.java:167)
	at org.openqa.selenium.remote.service.DriverCommandExecutor.execute(DriverCommandExecutor.java:142)
	at org.openqa.selenium.remote.RemoteWebDriver.execute(RemoteWebDriver.java:567)
	at org.openqa.selenium.remote.RemoteWebElement.execute(RemoteWebElement.java:251)
	at org.openqa.selenium.remote.RemoteWebElement.clear(RemoteWebElement.java:126)
	at common.Utilities.Login(Utilities.java:13)
	at superherosregression.WebRegression.Verify_dashboard_with_registration(WebRegression.java:82)
... Removed 29 stack frames]]>
    </failure>
  </testcase> <!-- Verify_dashboard_with_registration -->
  <testcase classname="superherosregression.WebRegression" name="Verity_dashboard_with_login" time="1.564">
    <failure type="org.openqa.selenium.ElementNotInteractableException" message="Element &amp;lt;a id=&amp;quot;start&amp;quot; class=&amp;quot;btn&amp;quot; href=&amp;quot;covid&amp;quot;&amp;gt; could not be scrolled into view
Build info: version: &amp;apos;4.1.3&amp;apos;, revision: &amp;apos;7b1ebf28ef&amp;apos;
System info: host: &amp;apos;SAKET-PC&amp;apos;, ip: &amp;apos;192.168.141.1&amp;apos;, os.name: &amp;apos;Windows 10&amp;apos;, os.arch: &amp;apos;amd64&amp;apos;, os.version: &amp;apos;10.0&amp;apos;, java.version: &amp;apos;18&amp;apos;
Driver info: org.openqa.selenium.firefox.FirefoxDriver
Command: [15a54c82-3897-475e-ba31-4f8bc689830b, clickElement {id=bf38161c-6f7d-4594-ac82-5b6f675c85a8}]
Capabilities {acceptInsecureCerts: true, browserName: firefox, browserVersion: 100.0, javascriptEnabled: true, moz:accessibilityChecks: false, moz:buildID: 20220428192727, moz:debuggerAddress: localhost:54228, moz:geckodriverVersion: 0.30.0, moz:headless: false, moz:processID: 612, moz:profile: C:\Users\BACS\AppData\Local..., moz:shutdownTimeout: 60000, moz:useNonSpecCompliantPointerOrigin: false, moz:webdriverClick: true, pageLoadStrategy: normal, platform: WINDOWS, platformName: WINDOWS, platformVersion: 10.0, proxy: Proxy(), se:cdp: ws://localhost:54228/devtoo..., se:cdpVersion: 85.0, setWindowRect: true, strictFileInteractability: false, timeouts: {implicit: 0, pageLoad: 300000, script: 30000}, unhandledPromptBehavior: dismiss and notify}
Element: [[FirefoxDriver: firefox on WINDOWS (15a54c82-3897-475e-ba31-4f8bc689830b)] -&amp;gt; id: start]
Session ID: 15a54c82-3897-475e-ba31-4f8bc689830b">
      <![CDATA[org.openqa.selenium.ElementNotInteractableException: Element <a id="start" class="btn" href="covid"> could not be scrolled into view
Build info: version: '4.1.3', revision: '7b1ebf28ef'
System info: host: 'SAKET-PC', ip: '192.168.141.1', os.name: 'Windows 10', os.arch: 'amd64', os.version: '10.0', java.version: '18'
Driver info: org.openqa.selenium.firefox.FirefoxDriver
Command: [15a54c82-3897-475e-ba31-4f8bc689830b, clickElement {id=bf38161c-6f7d-4594-ac82-5b6f675c85a8}]
Capabilities {acceptInsecureCerts: true, browserName: firefox, browserVersion: 100.0, javascriptEnabled: true, moz:accessibilityChecks: false, moz:buildID: 20220428192727, moz:debuggerAddress: localhost:54228, moz:geckodriverVersion: 0.30.0, moz:headless: false, moz:processID: 612, moz:profile: C:\Users\BACS\AppData\Local..., moz:shutdownTimeout: 60000, moz:useNonSpecCompliantPointerOrigin: false, moz:webdriverClick: true, pageLoadStrategy: normal, platform: WINDOWS, platformName: WINDOWS, platformVersion: 10.0, proxy: Proxy(), se:cdp: ws://localhost:54228/devtoo..., se:cdpVersion: 85.0, setWindowRect: true, strictFileInteractability: false, timeouts: {implicit: 0, pageLoad: 300000, script: 30000}, unhandledPromptBehavior: dismiss and notify}
Element: [[FirefoxDriver: firefox on WINDOWS (15a54c82-3897-475e-ba31-4f8bc689830b)] -> id: start]
Session ID: 15a54c82-3897-475e-ba31-4f8bc689830b
	at org.openqa.selenium.remote.codec.w3c.W3CHttpResponseCodec.createException(W3CHttpResponseCodec.java:200)
	at org.openqa.selenium.remote.codec.w3c.W3CHttpResponseCodec.decode(W3CHttpResponseCodec.java:133)
	at org.openqa.selenium.remote.codec.w3c.W3CHttpResponseCodec.decode(W3CHttpResponseCodec.java:53)
	at org.openqa.selenium.remote.HttpCommandExecutor.execute(HttpCommandExecutor.java:184)
	at org.openqa.selenium.remote.service.DriverCommandExecutor.invokeExecute(DriverCommandExecutor.java:167)
	at org.openqa.selenium.remote.service.DriverCommandExecutor.execute(DriverCommandExecutor.java:142)
	at org.openqa.selenium.remote.RemoteWebDriver.execute(RemoteWebDriver.java:567)
	at org.openqa.selenium.remote.RemoteWebElement.execute(RemoteWebElement.java:251)
	at org.openqa.selenium.remote.RemoteWebElement.click(RemoteWebElement.java:77)
	at common.Utilities.verify_bus_challange(Utilities.java:25)
	at superherosregression.WebRegression.Verity_dashboard_with_login(WebRegression.java:131)
... Removed 29 stack frames]]>
    </failure>
  </testcase> <!-- Verity_dashboard_with_login -->
  <testcase classname="superherosregression.WebRegression" name="Verity_errormessage_invalilogin" time="1.644"/>
  <testcase classname="superherosregression.WebRegression" name="Verity_errormessage_invalilogin" time="1.41"/>
</testsuite> <!-- Test -->
