<!DOCTYPE html PUBLIC "-//W3C//DTD XHTML 1.1//EN" "http://www.w3.org/TR/xhtml11/DTD/xhtml11.dtd">
<html xmlns="http://www.w3.org/1999/xhtml"><head><title>TestNG Report</title><style type="text/css">table {margin-bottom:10px;border-collapse:collapse;empty-cells:show}th,td {border:1px solid #009;padding:.25em .5em}th {vertical-align:bottom}td {vertical-align:top}table a {font-weight:bold}.stripe td {background-color: #E6EBF9}.num {text-align:right}.passedodd td {background-color: #3F3}.passedeven td {background-color: #0A0}.skippedodd td {background-color: #DDD}.skippedeven td {background-color: #CCC}.failedodd td,.attn {background-color: #F33}.failedeven td,.stripe .attn {background-color: #D00}.stacktrace {white-space:pre;font-family:monospace}.totop {font-size:85%;text-align:center;border-bottom:2px solid #000}</style></head><body><table><tr><th>Test</th><th># Passed</th><th># Skipped</th><th># Failed</th><th>Time (ms)</th><th>Included Groups</th><th>Excluded Groups</th></tr><tr><th colspan="7">Suite</th></tr><tr><td><a href="#t0">ChromeRegression</a></td><td class="num">4</td><td class="num">0</td><td class="num">0</td><td class="num">29,784</td><td></td><td></td></tr><tr class="stripe"><td><a href="#t1">FirefoxRegression</a></td><td class="num">2</td><td class="num">0</td><td class="num attn">2</td><td class="num">12,541</td><td></td><td></td></tr><tr><th>Total</th><th class="num">6</th><th class="num">0</th><th class="num attn">2</th><th class="num">42,325</th><th colspan="2"></th></tr></table><table><thead><tr><th>Class</th><th>Method</th><th>Start</th><th>Time (ms)</th></tr></thead><tbody><tr><th colspan="4">Suite</th></tr></tbody><tbody id="t0"><tr><th colspan="4">ChromeRegression &#8212; passed</th></tr><tr class="passedeven"><td rowspan="4">superherosregression.WebRegression</td><td><a href="#m0">Verify_dashboard_with_registration</a></td><td rowspan="1">1651925151671</td><td rowspan="1">14604</td></tr><tr class="passedeven"><td><a href="#m1">Verity_dashboard_with_login</a></td><td rowspan="1">1651925167002</td><td rowspan="1">5396</td></tr><tr class="passedeven"><td><a href="#m2">Verity_errormessage_invalilogin</a></td><td rowspan="2">1651925173703</td><td rowspan="2">1074</td></tr><tr class="passedeven"><td><a href="#m3">Verity_errormessage_invalilogin</a></td></tr></tbody><tbody id="t1"><tr><th colspan="4">FirefoxRegression &#8212; failed</th></tr><tr class="failedeven"><td rowspan="2">superherosregression.WebRegression</td><td><a href="#m4">Verify_dashboard_with_registration</a></td><td rowspan="1">1651925181454</td><td rowspan="1">426</td></tr><tr class="failedeven"><td><a href="#m5">Verity_dashboard_with_login</a></td><td rowspan="1">1651925182019</td><td rowspan="1">1560</td></tr><tr><th colspan="4">FirefoxRegression &#8212; passed</th></tr><tr class="passedeven"><td rowspan="2">superherosregression.WebRegression</td><td><a href="#m6">Verity_errormessage_invalilogin</a></td><td rowspan="2">1651925183726</td><td rowspan="2">1540</td></tr><tr class="passedeven"><td><a href="#m7">Verity_errormessage_invalilogin</a></td></tr></tbody></table><h2>ChromeRegression</h2><h3 id="m0">superherosregression.WebRegression#Verify_dashboard_with_registration</h3><table class="result"></table><p class="totop"><a href="#summary">back to summary</a></p><h3 id="m1">superherosregression.WebRegression#Verity_dashboard_with_login</h3><table class="result"><tr class="param"><th>Parameter #1</th><th>Parameter #2</th></tr><tr class="param stripe"><td>Test</td><td>Test@1</td></tr></table><p class="totop"><a href="#summary">back to summary</a></p><h3 id="m2">superherosregression.WebRegression#Verity_errormessage_invalilogin</h3><table class="result"><tr class="param"><th>Parameter #1</th><th>Parameter #2</th></tr><tr class="param stripe"><td>Test</td><td>^(&amp;)</td></tr></table><p class="totop"><a href="#summary">back to summary</a></p><h3 id="m3">superherosregression.WebRegression#Verity_errormessage_invalilogin</h3><table class="result"><tr class="param"><th>Parameter #1</th><th>Parameter #2</th></tr><tr class="param stripe"><td>&amp;*()*</td><td>^(&amp;)</td></tr></table><p class="totop"><a href="#summary">back to summary</a></p><h2>FirefoxRegression</h2><h3 id="m4">superherosregression.WebRegression#Verify_dashboard_with_registration</h3><table class="result"><tr><th>Exception</th></tr><tr><td><div class="stacktrace">org.openqa.selenium.ElementNotInteractableException: Element &lt;input id=&quot;worrior_username&quot; class=&quot;center&quot; type=&quot;text&quot;&gt; could not be scrolled into view
Build info: version: &apos;4.1.3&apos;, revision: &apos;7b1ebf28ef&apos;
System info: host: &apos;SAKET-PC&apos;, ip: &apos;192.168.141.1&apos;, os.name: &apos;Windows 10&apos;, os.arch: &apos;amd64&apos;, os.version: &apos;10.0&apos;, java.version: &apos;18&apos;
Driver info: org.openqa.selenium.firefox.FirefoxDriver
Command: [596000d0-5384-4734-a320-c6e1efcc5a9d, clearElement {id=e1cad395-4c78-4d83-a901-f4cad74c68fe}]
Capabilities {acceptInsecureCerts: true, browserName: firefox, browserVersion: 100.0, javascriptEnabled: true, moz:accessibilityChecks: false, moz:buildID: 20220428192727, moz:debuggerAddress: localhost:64553, moz:geckodriverVersion: 0.31.0, moz:headless: true, moz:processID: 16336, moz:profile: C:\Users\BACS\AppData\Local..., moz:shutdownTimeout: 60000, moz:useNonSpecCompliantPointerOrigin: false, moz:webdriverClick: true, pageLoadStrategy: normal, platform: WINDOWS, platformName: WINDOWS, platformVersion: 10.0, proxy: Proxy(), se:cdp: ws://localhost:64553/devtoo..., se:cdpVersion: 85.0, setWindowRect: true, strictFileInteractability: false, timeouts: {implicit: 0, pageLoad: 300000, script: 30000}, unhandledPromptBehavior: dismiss and notify}
Element: [[FirefoxDriver: firefox on WINDOWS (596000d0-5384-4734-a320-c6e1efcc5a9d)] -&gt; id: worrior_username]
Session ID: 596000d0-5384-4734-a320-c6e1efcc5a9d
	at org.openqa.selenium.remote.codec.w3c.W3CHttpResponseCodec.createException(W3CHttpResponseCodec.java:200)
	at org.openqa.selenium.remote.codec.w3c.W3CHttpResponseCodec.decode(W3CHttpResponseCodec.java:133)
	at org.openqa.selenium.remote.codec.w3c.W3CHttpResponseCodec.decode(W3CHttpResponseCodec.java:53)
	at org.openqa.selenium.remote.HttpCommandExecutor.execute(HttpCommandExecutor.java:184)
	at org.openqa.selenium.remote.service.DriverCommandExecutor.invokeExecute(DriverCommandExecutor.java:167)
	at org.openqa.selenium.remote.service.DriverCommandExecutor.execute(DriverCommandExecutor.java:142)
	at org.openqa.selenium.remote.RemoteWebDriver.execute(RemoteWebDriver.java:567)
	at org.openqa.selenium.remote.RemoteWebElement.execute(RemoteWebElement.java:251)
	at org.openqa.selenium.remote.RemoteWebElement.clear(RemoteWebElement.java:126)
	at common.Utilities.Login(Utilities.java:14)
	at superherosregression.WebRegression.Verify_dashboard_with_registration(WebRegression.java:100)
... Removed 25 stack frames</div></td></tr></table><p class="totop"><a href="#summary">back to summary</a></p><h3 id="m5">superherosregression.WebRegression#Verity_dashboard_with_login</h3><table class="result"><tr class="param"><th>Parameter #1</th><th>Parameter #2</th></tr><tr class="param stripe"><td>Test</td><td>Test@1</td></tr><tr><th colspan="2">Exception</th></tr><tr><td colspan="2"><div class="stacktrace">org.openqa.selenium.ElementNotInteractableException: Element &lt;a id=&quot;start&quot; class=&quot;btn&quot; href=&quot;covid&quot;&gt; could not be scrolled into view
Build info: version: &apos;4.1.3&apos;, revision: &apos;7b1ebf28ef&apos;
System info: host: &apos;SAKET-PC&apos;, ip: &apos;192.168.141.1&apos;, os.name: &apos;Windows 10&apos;, os.arch: &apos;amd64&apos;, os.version: &apos;10.0&apos;, java.version: &apos;18&apos;
Driver info: org.openqa.selenium.firefox.FirefoxDriver
Command: [596000d0-5384-4734-a320-c6e1efcc5a9d, clickElement {id=4d3e2d38-7116-4a70-bc2d-ba0efc313cf7}]
Capabilities {acceptInsecureCerts: true, browserName: firefox, browserVersion: 100.0, javascriptEnabled: true, moz:accessibilityChecks: false, moz:buildID: 20220428192727, moz:debuggerAddress: localhost:64553, moz:geckodriverVersion: 0.31.0, moz:headless: true, moz:processID: 16336, moz:profile: C:\Users\BACS\AppData\Local..., moz:shutdownTimeout: 60000, moz:useNonSpecCompliantPointerOrigin: false, moz:webdriverClick: true, pageLoadStrategy: normal, platform: WINDOWS, platformName: WINDOWS, platformVersion: 10.0, proxy: Proxy(), se:cdp: ws://localhost:64553/devtoo..., se:cdpVersion: 85.0, setWindowRect: true, strictFileInteractability: false, timeouts: {implicit: 0, pageLoad: 300000, script: 30000}, unhandledPromptBehavior: dismiss and notify}
Element: [[FirefoxDriver: firefox on WINDOWS (596000d0-5384-4734-a320-c6e1efcc5a9d)] -&gt; id: start]
Session ID: 596000d0-5384-4734-a320-c6e1efcc5a9d
	at org.openqa.selenium.remote.codec.w3c.W3CHttpResponseCodec.createException(W3CHttpResponseCodec.java:200)
	at org.openqa.selenium.remote.codec.w3c.W3CHttpResponseCodec.decode(W3CHttpResponseCodec.java:133)
	at org.openqa.selenium.remote.codec.w3c.W3CHttpResponseCodec.decode(W3CHttpResponseCodec.java:53)
	at org.openqa.selenium.remote.HttpCommandExecutor.execute(HttpCommandExecutor.java:184)
	at org.openqa.selenium.remote.service.DriverCommandExecutor.invokeExecute(DriverCommandExecutor.java:167)
	at org.openqa.selenium.remote.service.DriverCommandExecutor.execute(DriverCommandExecutor.java:142)
	at org.openqa.selenium.remote.RemoteWebDriver.execute(RemoteWebDriver.java:567)
	at org.openqa.selenium.remote.RemoteWebElement.execute(RemoteWebElement.java:251)
	at org.openqa.selenium.remote.RemoteWebElement.click(RemoteWebElement.java:77)
	at common.Utilities.verify_bus_challange(Utilities.java:39)
	at superherosregression.WebRegression.Verity_dashboard_with_login(WebRegression.java:148)
... Removed 25 stack frames</div></td></tr></table><p class="totop"><a href="#summary">back to summary</a></p><h3 id="m6">superherosregression.WebRegression#Verity_errormessage_invalilogin</h3><table class="result"><tr class="param"><th>Parameter #1</th><th>Parameter #2</th></tr><tr class="param stripe"><td>&amp;*()*</td><td>^(&amp;)</td></tr></table><p class="totop"><a href="#summary">back to summary</a></p><h3 id="m7">superherosregression.WebRegression#Verity_errormessage_invalilogin</h3><table class="result"><tr class="param"><th>Parameter #1</th><th>Parameter #2</th></tr><tr class="param stripe"><td>Test</td><td>^(&amp;)</td></tr></table><p class="totop"><a href="#summary">back to summary</a></p></body></html>