<?xml version="1.0" encoding="UTF-8"?>
<testng-results total="8" passed="7" failed="1" skipped="0">
  <reporter-output>
  </reporter-output>
  <suite started-at="2022-05-05T14:33:38Z" name="Suite" finished-at="2022-05-05T14:34:21Z" duration-ms="42969">
    <groups>
    </groups>
    <test started-at="2022-05-05T14:33:38Z" name="Test" finished-at="2022-05-05T14:34:21Z" duration-ms="42969">
      <class name="superherosregression.WebRegression">
        <test-method signature="Verify_dashboard_with_registration()[pri:0, instance:superherosregression.WebRegression@4b8d604b]" started-at="2022-05-06T00:33:58Z" name="Verify_dashboard_with_registration" finished-at="2022-05-06T00:34:09Z" duration-ms="10674" status="PASS">
          <reporter-output>
          </reporter-output>
        </test-method> <!-- Verify_dashboard_with_registration -->
        <test-method signature="Verity_dashboard_with_login(java.lang.String, java.lang.String)[pri:0, instance:superherosregression.WebRegression@4b8d604b]" started-at="2022-05-06T00:34:10Z" name="Verity_dashboard_with_login" data-provider="login" finished-at="2022-05-06T00:34:17Z" duration-ms="7108" status="PASS">
          <params>
            <param index="0">
              <value>
                <![CDATA[Test]]>
              </value>
            </param>
            <param index="1">
              <value>
                <![CDATA[Test@1]]>
              </value>
            </param>
          </params>
          <reporter-output>
          </reporter-output>
        </test-method> <!-- Verity_dashboard_with_login -->
        <test-method signature="Verity_errormessage_invalilogin(java.lang.String, java.lang.String)[pri:0, instance:superherosregression.WebRegression@4b8d604b]" started-at="2022-05-06T00:34:17Z" name="Verity_errormessage_invalilogin" data-provider="invalidlogin" finished-at="2022-05-06T00:34:19Z" duration-ms="1399" status="PASS">
          <params>
            <param index="0">
              <value>
                <![CDATA[&*()*]]>
              </value>
            </param>
            <param index="1">
              <value>
                <![CDATA[^(&)]]>
              </value>
            </param>
          </params>
          <reporter-output>
          </reporter-output>
        </test-method> <!-- Verity_errormessage_invalilogin -->
        <test-method signature="Verity_errormessage_invalilogin(java.lang.String, java.lang.String)[pri:0, instance:superherosregression.WebRegression@4b8d604b]" started-at="2022-05-06T00:34:19Z" name="Verity_errormessage_invalilogin" data-provider="invalidlogin" finished-at="2022-05-06T00:34:20Z" duration-ms="1549" status="PASS">
          <params>
            <param index="0">
              <value>
                <![CDATA[Test]]>
              </value>
            </param>
            <param index="1">
              <value>
                <![CDATA[^(&)]]>
              </value>
            </param>
          </params>
          <reporter-output>
          </reporter-output>
        </test-method> <!-- Verity_errormessage_invalilogin -->
        <test-method is-config="true" signature="afterTest()[pri:0, instance:superherosregression.WebRegression@4b8d604b]" started-at="2022-05-06T00:34:20Z" name="afterTest" finished-at="2022-05-06T00:34:21Z" duration-ms="252" status="PASS">
          <reporter-output>
          </reporter-output>
        </test-method> <!-- afterTest -->
      </class> <!-- superherosregression.WebRegression -->
      <class name="superherosregression.APIRegression">
        <test-method is-config="true" signature="beforeTest(java.lang.String, java.lang.String)[pri:0, instance:superherosregression.APIRegression@5884a914]" started-at="2022-05-06T00:33:38Z" name="beforeTest" finished-at="2022-05-06T00:33:42Z" duration-ms="4820" status="PASS">
          <params>
            <param index="0">
              <value>
                <![CDATA[https://supervillain.herokuapp.com]]>
              </value>
            </param>
            <param index="1">
              <value>
                <![CDATA[eyJhbGciOiJIUzUxMiIsInR5cCI6IkpXVCJ9.eyJrZXkiOiJwYWRtYSIsImVtYWlsIjoicGFkZHVycHY0OEBnbWFpbC5jb20iLCJpYXQiOjE2NTE3MTc3NzEsImV4cCI6MTY1MTk3Njk3MX0.K7yRAjXSy_McCv6tASnZT8J2-uHj1kOsuqoJ2uzmYqHD28T98Qvd-YHk5Hj4kBdLUWrnnIalZmqN_9J1QcNjAA]]>
              </value>
            </param>
          </params>
          <reporter-output>
          </reporter-output>
        </test-method> <!-- beforeTest -->
        <test-method is-config="true" signature="beforeTest(java.lang.String)[pri:0, instance:superherosregression.WebRegression@4b8d604b]" started-at="2022-05-06T00:33:42Z" name="beforeTest" finished-at="2022-05-06T00:33:50Z" duration-ms="7899" status="PASS">
          <params>
            <param index="0">
              <value>
                <![CDATA[chrome]]>
              </value>
            </param>
          </params>
          <reporter-output>
          </reporter-output>
        </test-method> <!-- beforeTest -->
        <test-method signature="AddUser()[pri:0, instance:superherosregression.APIRegression@5884a914]" started-at="2022-05-06T00:33:50Z" name="AddUser" finished-at="2022-05-06T00:33:52Z" duration-ms="1482" status="PASS">
          <reporter-output>
          </reporter-output>
        </test-method> <!-- AddUser -->
        <test-method signature="Login()[pri:0, instance:superherosregression.APIRegression@5884a914]" started-at="2022-05-06T00:33:52Z" name="Login" finished-at="2022-05-06T00:33:55Z" duration-ms="2857" status="PASS">
          <reporter-output>
          </reporter-output>
        </test-method> <!-- Login -->
        <test-method signature="Registration()[pri:0, instance:superherosregression.APIRegression@5884a914]" started-at="2022-05-06T00:33:55Z" name="Registration" finished-at="2022-05-06T00:33:56Z" duration-ms="1537" status="FAIL">
          <exception class="java.lang.AssertionError">
            <message>
              <![CDATA[expected [400] but found [200]]]>
            </message>
            <full-stacktrace>
              <![CDATA[java.lang.AssertionError: expected [400] but found [200]
	at org.testng.Assert.fail(Assert.java:94)
	at org.testng.Assert.failNotEquals(Assert.java:494)
	at org.testng.Assert.assertEquals(Assert.java:123)
	at org.testng.Assert.assertEquals(Assert.java:370)
	at org.testng.Assert.assertEquals(Assert.java:380)
	at superherosregression.APIRegression.Registration(APIRegression.java:75)
	at java.base/jdk.internal.reflect.DirectMethodHandleAccessor.invoke(DirectMethodHandleAccessor.java:104)
	at java.base/java.lang.reflect.Method.invoke(Method.java:577)
	at org.testng.internal.MethodInvocationHelper.invokeMethod(MethodInvocationHelper.java:84)
	at org.testng.internal.Invoker.invokeMethod(Invoker.java:714)
	at org.testng.internal.Invoker.invokeTestMethod(Invoker.java:901)
	at org.testng.internal.Invoker.invokeTestMethods(Invoker.java:1231)
	at org.testng.internal.TestMethodWorker.invokeTestMethods(TestMethodWorker.java:127)
	at org.testng.internal.TestMethodWorker.run(TestMethodWorker.java:111)
	at org.testng.TestRunner.privateRun(TestRunner.java:767)
	at org.testng.TestRunner.run(TestRunner.java:617)
	at org.testng.SuiteRunner.runTest(SuiteRunner.java:348)
	at org.testng.SuiteRunner.runSequentially(SuiteRunner.java:343)
	at org.testng.SuiteRunner.privateRun(SuiteRunner.java:305)
	at org.testng.SuiteRunner.run(SuiteRunner.java:254)
	at org.testng.SuiteRunnerWorker.runSuite(SuiteRunnerWorker.java:52)
	at org.testng.SuiteRunnerWorker.run(SuiteRunnerWorker.java:86)
	at org.testng.TestNG.runSuitesSequentially(TestNG.java:1224)
	at org.testng.TestNG.runSuitesLocally(TestNG.java:1149)
	at org.testng.TestNG.run(TestNG.java:1057)
	at org.testng.remote.AbstractRemoteTestNG.run(AbstractRemoteTestNG.java:115)
	at org.testng.remote.RemoteTestNG.initAndRun(RemoteTestNG.java:251)
	at org.testng.remote.RemoteTestNG.main(RemoteTestNG.java:77)
]]>
            </full-stacktrace>
          </exception> <!-- java.lang.AssertionError -->
          <reporter-output>
          </reporter-output>
        </test-method> <!-- Registration -->
        <test-method signature="users_list()[pri:0, instance:superherosregression.APIRegression@5884a914]" started-at="2022-05-06T00:33:56Z" name="users_list" finished-at="2022-05-06T00:33:58Z" duration-ms="1648" status="PASS">
          <reporter-output>
          </reporter-output>
        </test-method> <!-- users_list -->
      </class> <!-- superherosregression.APIRegression -->
    </test> <!-- Test -->
  </suite> <!-- Suite -->
</testng-results>
